GBP1R31 31010  1 (UNLOCKED)  1 (ENABLED)   RncFunction=1,IubLink=Iub_BAYKC
GBP1R31 27219  1 (UNLOCKED)  1 (ENABLED)   RncFunction=1,IubLink=Iub_BAYKCR
GBP1R31 32042  1 (UNLOCKED)  1 (ENABLED)   RncFunction=1,IubLink=Iub_BAYTL
GBP1R31 33734  1 (UNLOCKED)  1 (ENABLED)   RncFunction=1,IubLink=Iub_BAYTLR
GBP1R31 32104  1 (UNLOCKED)  1 (ENABLED)   RncFunction=1,IubLink=Iub_BAYZO
GBP1R31 39837  1 (UNLOCKED)  1 (ENABLED)   RncFunction=1,IubLink=Iub_BAYZOR
GBP1R31 14546  1 (UNLOCKED)  1 (ENABLED)   RncFunction=1,IubLink=Iub_BYHEG
GBP1R31  9709  1 (UNLOCKED)  1 (ENABLED)   RncFunction=1,IubLink=Iub_BYHEGR
GBP1R31 26773  1 (UNLOCKED)  1 (ENABLED)   RncFunction=1,IubLink=Iub_CAICD
GBP1R31 75184  1 (UNLOCKED)  1 (ENABLED)   RncFunction=1,IubLink=Iub_CAICDQ
GBP1R31 75187  1 (UNLOCKED)  1 (ENABLED)   RncFunction=1,IubLink=Iub_CAICDR
GBP1R31 39589  1 (UNLOCKED)  1 (ENABLED)   RncFunction=1,IubLink=Iub_CAYEC
GBP1R31 32831  1 (UNLOCKED)  1 (ENABLED)   RncFunction=1,IubLink=Iub_CAYECR
GBP1R31 39845  1 (UNLOCKED)  1 (ENABLED)   RncFunction=1,IubLink=Iub_CAYRD
BRP1R06 101137  0 (LOCKED)    0 (DISABLED)  RncFunction=1,IubLink=Iub_ADGUBR
BRP1R06 14618  1 (UNLOCKED)  1 (ENABLED)   RncFunction=1,IubLink=Iub_AYVAP
BRP1R06 24295  1 (UNLOCKED)  1 (ENABLED)   RncFunction=1,IubLink=Iub_AYVAPR
BRP1R06 77144  1 (UNLOCKED)  1 (ENABLED)   RncFunction=1,IubLink=Iub_BAANF
BRP1R06 31936  1 (UNLOCKED)  1 (ENABLED)   RncFunction=1,IubLink=Iub_BAANFQ
BRP1R06 31939  1 (UNLOCKED)  1 (ENABLED)   RncFunction=1,IubLink=Iub_BAANFR
BRP1R06 31942  1 (UNLOCKED)  1 (ENABLED)   RncFunction=1,IubLink=Iub_BAANFS
BRP1R06 77147  1 (UNLOCKED)  1 (ENABLED)   RncFunction=1,IubLink=Iub_BABBD
BRP1R06 38585  1 (UNLOCKED)  1 (ENABLED)   RncFunction=1,IubLink=Iub_BABBDQ
BRP1R06 38588  1 (UNLOCKED)  1 (ENABLED)   RncFunction=1,IubLink=Iub_BABBDR
BRP1R06 77150  1 (UNLOCKED)  1 (ENABLED)   RncFunction=1,IubLink=Iub_BABEV
BRP1R06 39173  1 (UNLOCKED)  1 (ENABLED)   RncFunction=1,IubLink=Iub_BABEVQ
BRP1R06 39176  1 (UNLOCKED)  1 (ENABLED)   RncFunction=1,IubLink=Iub_BABEVR
